<?xml version="1.0" encoding="UTF-8"?>
<!-- Generated by org.testng.reporters.JUnitXMLReporter -->
<testsuite ignored="0" hostname="M0ngO" failures="0" tests="8" name="IncludeExcludeSuite" time="0.066" errors="0" timestamp="2026-01-28T16:00:03 EST">
  <testcase classname="com.neotech.lesson01.TestNGMoreAnnotations" name="testOne" time="0.004"/>
  <testcase classname="com.neotech.lesson01.TestNGMoreAnnotations" name="testTwo" time="0.002"/>
  <testcase classname="com.neotech.lesson01.TestNGAnnotations" name="Test1" time="0.002"/>
  <testcase classname="com.neotech.lesson01.TestNGAnnotations" name="test2" time="0.0"/>
  <testcase classname="com.neotech.lesson01.TestNGAnnotations" name="test3" time="0.001"/>
  <testcase classname="com.neotech.lesson01.TestNGDemo" name="testOne" time="0.001"/>
  <testcase classname="com.neotech.lesson01.TestNGDemo" name="testThree" time="0.001"/>
  <testcase classname="com.neotech.lesson01.TestNGDemo" name="testTwo" time="0.001"/>
</testsuite> <!-- IncludeExcludeSuite -->
