<?xml version="1.0" encoding="UTF-8"?>
<!-- Generated by org.testng.reporters.JUnitXMLReporter -->
<testsuite ignored="1" hostname="M0ngO" failures="3" tests="15" name="Test" time="9.175" errors="0" timestamp="2026-01-26T22:26:42 EST">
  <testcase classname="com.neotech.lesson02.EnableAndDisable" name="firstMethod" time="0.007"/>
  <testcase classname="com.neotech.lesson02.EnableAndDisable" name="secondMethod" time="0.001"/>
  <testcase classname="com.neotech.lesson02.EnableAndDisable" name="fourthMethod" time="0.001"/>
  <testcase classname="com.neotech.lesson02.Homework" name="errormsgPasswordEmpty" time="0.164"/>
  <testcase classname="com.neotech.lesson02.SoftAssertDemo" name="logoAndLoginValidation" time="2.472">
    <failure type="java.lang.AssertionError" message="The following asserts failed:
	expected [true] but found [false],
	Account name is not Jacqueline Whit expected [Jacqueline Whit] but found [Jacqueline White]">
      <![CDATA[java.lang.AssertionError: The following asserts failed:
expected [true] but found [false],
Account name is not Jacqueline Whit expected [Jacqueline Whit] but found [Jacqueline White]
at com.neotech.lesson02.SoftAssertDemo.logoAndLoginValidation(SoftAssertDemo.java:50)
at java.base/java.util.ArrayList.forEach(ArrayList.java:1596)
... Removed 27 stack frames]]>
    </failure>
  </testcase> <!-- logoAndLoginValidation -->
  <testcase classname="com.neotech.lesson02.AssertDemo" name="logoValidation" time="0.021">
    <failure type="java.lang.AssertionError" message="Logo is NOT displayed expected [true] but found [false]">
      <![CDATA[java.lang.AssertionError: Logo is NOT displayed expected [true] but found [false]
at com.neotech.lesson02.AssertDemo.logoValidation(AssertDemo.java:70)
at java.base/java.util.ArrayList.forEach(ArrayList.java:1596)
... Removed 28 stack frames]]>
    </failure>
  </testcase> <!-- logoValidation -->
  <testcase classname="com.neotech.lesson02.AssertDemo" name="titleValidation" time="0.007"/>
  <testcase classname="com.neotech.lesson02.DependsDemo" name="firstMethod" time="0.0"/>
  <testcase classname="com.neotech.lesson02.DependsDemo" name="secondMethod" time="0.0"/>
  <testcase classname="com.neotech.lesson02.DependsDemo" name="thirdMethod" time="0.001">
    <failure type="java.lang.Exception">
      <![CDATA[java.lang.Exception
at com.neotech.lesson02.DependsDemo.thirdMethod(DependsDemo.java:25)
at java.base/java.util.ArrayList.forEach(ArrayList.java:1596)
... Removed 25 stack frames]]>
    </failure>
  </testcase> <!-- thirdMethod -->
  <testcase classname="com.neotech.lesson02.DependsDemo" name="fourthMethod" time="0.0">
    <skipped/>
  </testcase> <!-- fourthMethod -->
  <testcase classname="com.neotech.lesson02.PriorityDemo" name="thirdMethod" time="0.001"/>
  <testcase classname="com.neotech.lesson02.PriorityDemo" name="firstMethod" time="0.001"/>
  <testcase classname="com.neotech.lesson02.PriorityDemo" name="secondMethod" time="0.001"/>
  <testcase classname="com.neotech.lesson02.PriorityDemo" name="fourthMethod" time="0.001"/>
  <testcase classname="com.neotech.lesson02.EnableAndDisable" name="thirdMethod" time="0.0">
    <ignored/>
  </testcase> <!-- thirdMethod -->
</testsuite> <!-- Test -->
