<?xml version="1.0" encoding="UTF-8"?>
<!-- Generated by org.testng.reporters.JUnitXMLReporter -->
<testsuite ignored="5" hostname="M0ngO" failures="1" tests="5" name="Groups Demo Test" time="0.061" errors="0" timestamp="2026-01-28T17:53:05 EST">
  <testcase classname="com.neotech.lesson01.TitleAndLogoValidation" name="logoValidation" time="0.011">
    <failure type="java.lang.NullPointerException" message="Cannot invoke &amp;quot;org.openqa.selenium.WebDriver.findElement(org.openqa.selenium.By)&amp;quot; because &amp;quot;com.neotech.lesson01.TitleAndLogoValidation.driver&amp;quot; is null">
      <![CDATA[java.lang.NullPointerException: Cannot invoke "org.openqa.selenium.WebDriver.findElement(org.openqa.selenium.By)" because "com.neotech.lesson01.TitleAndLogoValidation.driver" is null
at com.neotech.lesson01.TitleAndLogoValidation.logoValidation(TitleAndLogoValidation.java:39)
at java.base/java.util.ArrayList.forEach(ArrayList.java:1596)
... Removed 25 stack frames]]>
    </failure>
  </testcase> <!-- logoValidation -->
  <testcase classname="com.neotech.lesson03.GroupsDemo" name="test1" time="0.002"/>
  <testcase classname="com.neotech.lesson03.GroupsDemo" name="test2" time="0.001"/>
  <testcase classname="com.neotech.lesson01.TestNGDemo" name="testOne" time="0.001"/>
  <testcase classname="com.neotech.lesson01.TestNGDemo" name="testThree" time="0.001"/>
  <testcase classname="com.neotech.lesson01.TitleAndLogoValidation" name="titleValidation" time="0.0">
    <ignored/>
  </testcase> <!-- titleValidation -->
  <testcase classname="com.neotech.lesson01.TestNGDemo" name="testTwo" time="0.0">
    <ignored/>
  </testcase> <!-- testTwo -->
  <testcase classname="com.neotech.lesson03.GroupsDemo" name="test4" time="0.0">
    <ignored/>
  </testcase> <!-- test4 -->
  <testcase classname="com.neotech.lesson03.GroupsDemo" name="test3" time="0.0">
    <ignored/>
  </testcase> <!-- test3 -->
  <testcase classname="com.neotech.lesson01.TitleAndLogoValidation" name="loginValidation" time="0.0">
    <ignored/>
  </testcase> <!-- loginValidation -->
</testsuite> <!-- Groups Demo Test -->
