<?xml version="1.0" encoding="UTF-8"?>
<!-- Generated by org.testng.reporters.JUnitXMLReporter -->
<testsuite ignored="6" hostname="M0ngO" failures="0" tests="5" name="Smoke Test" time="0.051" errors="0" timestamp="2026-02-02T20:14:19 EST">
  <testcase classname="com.neotech.review01.DemoAnnotations" name="test1" time="0.007"/>
  <testcase classname="com.neotech.review01.GroupsDemo" name="generalTest" time="0.001"/>
  <testcase classname="com.neotech.review01.GroupsDemo" name="smokeTest" time="0.001"/>
  <testcase classname="com.neotech.review01.TestParameters" name="methodC" time="0.002"/>
  <testcase classname="com.neotech.review01.TestParameters" name="methodA" time="0.001"/>
  <testcase classname="com.neotech.review01.TestParameters" name="methodB" time="0.0">
    <ignored/>
  </testcase> <!-- methodB -->
  <testcase classname="com.neotech.review01.DependsOnMethod" name="loginMethod" time="0.0">
    <ignored/>
  </testcase> <!-- loginMethod -->
  <testcase classname="com.neotech.review01.DependsOnMethod" name="addEmployeeMethod" time="0.0">
    <ignored/>
  </testcase> <!-- addEmployeeMethod -->
  <testcase classname="com.neotech.review01.SoftAndHardAssert" name="HardAssertTest" time="0.0">
    <ignored/>
  </testcase> <!-- HardAssertTest -->
  <testcase classname="com.neotech.review01.DemoAnnotations" name="test2" time="0.0">
    <ignored/>
  </testcase> <!-- test2 -->
  <testcase classname="com.neotech.review01.SoftAndHardAssert" name="softAssertTest" time="0.0">
    <ignored/>
  </testcase> <!-- softAssertTest -->
</testsuite> <!-- Smoke Test -->
