<?xml version="1.0" encoding="UTF-8"?>
<!-- Generated by org.testng.reporters.JUnitXMLReporter -->
<testsuite ignored="0" hostname="M0ngO" failures="1" tests="2" name="ListenerDemoTest" time="0.047" errors="0" timestamp="2026-02-03T17:05:30 EST">
  <testcase classname="com.neotech.review01.ListenerDemo" name="test1" time="0.005"/>
  <testcase classname="com.neotech.review01.ListenerDemo" name="test2" time="0.005">
    <failure type="java.lang.AssertionError" message="expected [true] but found [false]">
      <![CDATA[java.lang.AssertionError: expected [true] but found [false]
at com.neotech.review01.ListenerDemo.test2(ListenerDemo.java:31)
at java.base/java.util.ArrayList.forEach(ArrayList.java:1596)
... Removed 29 stack frames]]>
    </failure>
  </testcase> <!-- test2 -->
</testsuite> <!-- ListenerDemoTest -->
