<?xml version="1.0" encoding="UTF-8"?>
<!-- Generated by org.testng.reporters.JUnitXMLReporter -->
<testsuite ignored="1" hostname="M0ngO" failures="0" tests="4" name="Test Review01" time="0.047" errors="0" timestamp="2026-02-02T00:45:43 EST">
  <testcase classname="com.neotech.review01.DemoAnnotations" name="test1" time="0.005"/>
  <testcase classname="com.neotech.review01.DemoAnnotations" name="test2" time="0.001"/>
  <testcase classname="com.neotech.review01.TestParameters" name="methodC" time="0.001"/>
  <testcase classname="com.neotech.review01.TestParameters" name="methodA" time="0.001"/>
  <testcase classname="com.neotech.review01.TestParameters" name="methodB" time="0.0">
    <ignored/>
  </testcase> <!-- methodB -->
</testsuite> <!-- Test Review01 -->
