<?xml version="1.0" encoding="UTF-8"?>
<testng-results ignored="1" total="16" passed="11" failed="3" skipped="1">
  <reporter-output>
  </reporter-output>
  <suite started-at="2026-01-26T22:26:32 EST" name="MySuite" finished-at="2026-01-26T22:26:42 EST" duration-ms="9175">
    <groups>
    </groups>
    <test started-at="2026-01-26T22:26:32 EST" name="Test" finished-at="2026-01-26T22:26:42 EST" duration-ms="9175">
      <class name="com.neotech.lesson02.PriorityDemo">
        <test-method signature="thirdMethod()[pri:0, instance:com.neotech.lesson02.PriorityDemo@302552ec]" started-at="2026-01-26T22:26:42 EST" name="thirdMethod" finished-at="2026-01-26T22:26:42 EST" duration-ms="1" status="PASS">
          <reporter-output>
          </reporter-output>
        </test-method> <!-- thirdMethod -->
        <test-method signature="firstMethod()[pri:1, instance:com.neotech.lesson02.PriorityDemo@302552ec]" started-at="2026-01-26T22:26:42 EST" name="firstMethod" finished-at="2026-01-26T22:26:42 EST" duration-ms="1" status="PASS">
          <reporter-output>
          </reporter-output>
        </test-method> <!-- firstMethod -->
        <test-method signature="secondMethod()[pri:2, instance:com.neotech.lesson02.PriorityDemo@302552ec]" started-at="2026-01-26T22:26:42 EST" name="secondMethod" finished-at="2026-01-26T22:26:42 EST" duration-ms="1" status="PASS">
          <reporter-output>
          </reporter-output>
        </test-method> <!-- secondMethod -->
        <test-method signature="fourthMethod()[pri:10, instance:com.neotech.lesson02.PriorityDemo@302552ec]" started-at="2026-01-26T22:26:42 EST" name="fourthMethod" finished-at="2026-01-26T22:26:42 EST" duration-ms="1" status="PASS">
          <reporter-output>
          </reporter-output>
        </test-method> <!-- fourthMethod -->
      </class> <!-- com.neotech.lesson02.PriorityDemo -->
      <class name="com.neotech.lesson02.EnableAndDisable">
        <test-method signature="firstMethod()[pri:1, instance:com.neotech.lesson02.EnableAndDisable@408d971b]" started-at="2026-01-26T22:26:32 EST" name="firstMethod" finished-at="2026-01-26T22:26:32 EST" duration-ms="7" status="PASS">
          <reporter-output>
          </reporter-output>
        </test-method> <!-- firstMethod -->
        <test-method signature="secondMethod()[pri:2, instance:com.neotech.lesson02.EnableAndDisable@408d971b]" started-at="2026-01-26T22:26:32 EST" name="secondMethod" finished-at="2026-01-26T22:26:32 EST" duration-ms="1" status="PASS">
          <reporter-output>
          </reporter-output>
        </test-method> <!-- secondMethod -->
        <test-method signature="fourthMethod()[pri:10, instance:com.neotech.lesson02.EnableAndDisable@408d971b]" started-at="2026-01-26T22:26:32 EST" name="fourthMethod" finished-at="2026-01-26T22:26:32 EST" duration-ms="1" status="PASS">
          <reporter-output>
          </reporter-output>
        </test-method> <!-- fourthMethod -->
      </class> <!-- com.neotech.lesson02.EnableAndDisable -->
      <class name="com.neotech.lesson02.Homework">
        <test-method is-config="true" signature="openAndNavigate()[pri:0, instance:com.neotech.lesson02.Homework@54d9d12d]" started-at="2026-01-26T22:26:32 EST" name="openAndNavigate" finished-at="2026-01-26T22:26:34 EST" duration-ms="1893" status="PASS">
          <reporter-output>
          </reporter-output>
        </test-method> <!-- openAndNavigate -->
        <test-method signature="errormsgPasswordEmpty()[pri:0, instance:com.neotech.lesson02.Homework@54d9d12d]" started-at="2026-01-26T22:26:34 EST" name="errormsgPasswordEmpty" finished-at="2026-01-26T22:26:34 EST" duration-ms="164" status="PASS">
          <reporter-output>
          </reporter-output>
        </test-method> <!-- errormsgPasswordEmpty -->
        <test-method is-config="true" signature="quitBrowser()[pri:0, instance:com.neotech.lesson02.Homework@54d9d12d]" started-at="2026-01-26T22:26:34 EST" name="quitBrowser" finished-at="2026-01-26T22:26:35 EST" duration-ms="119" status="PASS">
          <reporter-output>
          </reporter-output>
        </test-method> <!-- quitBrowser -->
      </class> <!-- com.neotech.lesson02.Homework -->
      <class name="com.neotech.lesson02.DependsDemo">
        <test-method signature="firstMethod()[pri:0, instance:com.neotech.lesson02.DependsDemo@26794848]" started-at="2026-01-26T22:26:42 EST" name="firstMethod" finished-at="2026-01-26T22:26:42 EST" duration-ms="0" status="PASS">
          <reporter-output>
          </reporter-output>
        </test-method> <!-- firstMethod -->
        <test-method signature="secondMethod()[pri:0, instance:com.neotech.lesson02.DependsDemo@26794848]" started-at="2026-01-26T22:26:42 EST" name="secondMethod" finished-at="2026-01-26T22:26:42 EST" duration-ms="0" status="PASS">
          <reporter-output>
          </reporter-output>
        </test-method> <!-- secondMethod -->
        <test-method signature="thirdMethod()[pri:0, instance:com.neotech.lesson02.DependsDemo@26794848]" started-at="2026-01-26T22:26:42 EST" name="thirdMethod" finished-at="2026-01-26T22:26:42 EST" depends-on-methods="com.neotech.lesson02.DependsDemo.secondMethod, com.neotech.lesson02.DependsDemo.firstMethod" duration-ms="1" status="FAIL">
          <exception class="java.lang.Exception">
            <full-stacktrace>
              <![CDATA[java.lang.Exception
at com.neotech.lesson02.DependsDemo.thirdMethod(DependsDemo.java:25)
at java.base/jdk.internal.reflect.DirectMethodHandleAccessor.invoke(DirectMethodHandleAccessor.java:103)
at java.base/java.lang.reflect.Method.invoke(Method.java:580)
at org.testng.internal.invokers.MethodInvocationHelper.invokeMethod(MethodInvocationHelper.java:141)
at org.testng.internal.invokers.TestInvoker.invokeMethod(TestInvoker.java:687)
at org.testng.internal.invokers.TestInvoker.invokeTestMethod(TestInvoker.java:230)
at org.testng.internal.invokers.MethodRunner.runInSequence(MethodRunner.java:63)
at org.testng.internal.invokers.TestInvoker$MethodInvocationAgent.invoke(TestInvoker.java:995)
at org.testng.internal.invokers.TestInvoker.invokeTestMethods(TestInvoker.java:203)
at org.testng.internal.invokers.TestMethodWorker.invokeTestMethods(TestMethodWorker.java:154)
at org.testng.internal.invokers.TestMethodWorker.run(TestMethodWorker.java:134)
at java.base/java.util.ArrayList.forEach(ArrayList.java:1596)
at org.testng.TestRunner.privateRun(TestRunner.java:741)
at org.testng.TestRunner.run(TestRunner.java:616)
at org.testng.SuiteRunner.runTest(SuiteRunner.java:421)
at org.testng.SuiteRunner.runSequentially(SuiteRunner.java:413)
at org.testng.SuiteRunner.privateRun(SuiteRunner.java:373)
at org.testng.SuiteRunner.run(SuiteRunner.java:312)
at org.testng.SuiteRunnerWorker.runSuite(SuiteRunnerWorker.java:52)
at org.testng.SuiteRunnerWorker.run(SuiteRunnerWorker.java:95)
at org.testng.TestNG.runSuitesSequentially(TestNG.java:1274)
at org.testng.TestNG.runSuitesLocally(TestNG.java:1208)
at org.testng.TestNG.runSuites(TestNG.java:1112)
at org.testng.TestNG.run(TestNG.java:1079)
at org.testng.remote.AbstractRemoteTestNG.run(AbstractRemoteTestNG.java:115)
at org.testng.remote.RemoteTestNG.initAndRun(RemoteTestNG.java:293)
at org.testng.remote.RemoteTestNG.main(RemoteTestNG.java:91)
]]>
            </full-stacktrace>
          </exception> <!-- java.lang.Exception -->
          <reporter-output>
          </reporter-output>
        </test-method> <!-- thirdMethod -->
        <test-method signature="fourthMethod()[pri:0, instance:com.neotech.lesson02.DependsDemo@26794848]" started-at="2026-01-26T22:26:42 EST" name="fourthMethod" finished-at="2026-01-26T22:26:42 EST" depends-on-methods="com.neotech.lesson02.DependsDemo.thirdMethod" duration-ms="0" status="SKIP">
          <exception class="java.lang.Throwable">
            <message>
              <![CDATA[Method com.neotech.lesson02.DependsDemo.fourthMethod() on instance com.neotech.lesson02.DependsDemo@26794848 depends on not successfully finished methods 
[com.neotech.lesson02.DependsDemo.thirdMethod() on instance com.neotech.lesson02.DependsDemo@26794848]]]>
            </message>
            <full-stacktrace>
              <![CDATA[java.lang.Throwable: Method com.neotech.lesson02.DependsDemo.fourthMethod() on instance com.neotech.lesson02.DependsDemo@26794848 depends on not successfully finished methods 
[com.neotech.lesson02.DependsDemo.thirdMethod() on instance com.neotech.lesson02.DependsDemo@26794848]
at org.testng.internal.invokers.TestInvoker.invokeTestMethods(TestInvoker.java:159)
at org.testng.internal.invokers.TestMethodWorker.invokeTestMethods(TestMethodWorker.java:154)
at org.testng.internal.invokers.TestMethodWorker.run(TestMethodWorker.java:134)
at java.base/java.util.ArrayList.forEach(ArrayList.java:1596)
at org.testng.TestRunner.privateRun(TestRunner.java:741)
at org.testng.TestRunner.run(TestRunner.java:616)
at org.testng.SuiteRunner.runTest(SuiteRunner.java:421)
at org.testng.SuiteRunner.runSequentially(SuiteRunner.java:413)
at org.testng.SuiteRunner.privateRun(SuiteRunner.java:373)
at org.testng.SuiteRunner.run(SuiteRunner.java:312)
at org.testng.SuiteRunnerWorker.runSuite(SuiteRunnerWorker.java:52)
at org.testng.SuiteRunnerWorker.run(SuiteRunnerWorker.java:95)
at org.testng.TestNG.runSuitesSequentially(TestNG.java:1274)
at org.testng.TestNG.runSuitesLocally(TestNG.java:1208)
at org.testng.TestNG.runSuites(TestNG.java:1112)
at org.testng.TestNG.run(TestNG.java:1079)
at org.testng.remote.AbstractRemoteTestNG.run(AbstractRemoteTestNG.java:115)
at org.testng.remote.RemoteTestNG.initAndRun(RemoteTestNG.java:293)
at org.testng.remote.RemoteTestNG.main(RemoteTestNG.java:91)
]]>
            </full-stacktrace>
          </exception> <!-- java.lang.Throwable -->
          <reporter-output>
          </reporter-output>
        </test-method> <!-- fourthMethod -->
      </class> <!-- com.neotech.lesson02.DependsDemo -->
      <class name="com.neotech.lesson02.SoftAssertDemo">
        <test-method is-config="true" signature="openAndNavigate()[pri:0, instance:com.neotech.lesson02.SoftAssertDemo@4d1c00d0]" started-at="2026-01-26T22:26:35 EST" name="openAndNavigate" finished-at="2026-01-26T22:26:36 EST" duration-ms="1413" status="PASS">
          <reporter-output>
          </reporter-output>
        </test-method> <!-- openAndNavigate -->
        <test-method signature="logoAndLoginValidation()[pri:0, instance:com.neotech.lesson02.SoftAssertDemo@4d1c00d0]" started-at="2026-01-26T22:26:36 EST" name="logoAndLoginValidation" finished-at="2026-01-26T22:26:38 EST" duration-ms="2472" status="FAIL">
          <exception class="java.lang.AssertionError">
            <message>
              <![CDATA[The following asserts failed:
expected [true] but found [false],
Account name is not Jacqueline Whit expected [Jacqueline Whit] but found [Jacqueline White]]]>
            </message>
            <full-stacktrace>
              <![CDATA[java.lang.AssertionError: The following asserts failed:
expected [true] but found [false],
Account name is not Jacqueline Whit expected [Jacqueline Whit] but found [Jacqueline White]
at org.testng.asserts.SoftAssert.assertAll(SoftAssert.java:46)
at org.testng.asserts.SoftAssert.assertAll(SoftAssert.java:30)
at com.neotech.lesson02.SoftAssertDemo.logoAndLoginValidation(SoftAssertDemo.java:50)
at java.base/jdk.internal.reflect.DirectMethodHandleAccessor.invoke(DirectMethodHandleAccessor.java:103)
at java.base/java.lang.reflect.Method.invoke(Method.java:580)
at org.testng.internal.invokers.MethodInvocationHelper.invokeMethod(MethodInvocationHelper.java:141)
at org.testng.internal.invokers.TestInvoker.invokeMethod(TestInvoker.java:687)
at org.testng.internal.invokers.TestInvoker.invokeTestMethod(TestInvoker.java:230)
at org.testng.internal.invokers.MethodRunner.runInSequence(MethodRunner.java:63)
at org.testng.internal.invokers.TestInvoker$MethodInvocationAgent.invoke(TestInvoker.java:995)
at org.testng.internal.invokers.TestInvoker.invokeTestMethods(TestInvoker.java:203)
at org.testng.internal.invokers.TestMethodWorker.invokeTestMethods(TestMethodWorker.java:154)
at org.testng.internal.invokers.TestMethodWorker.run(TestMethodWorker.java:134)
at java.base/java.util.ArrayList.forEach(ArrayList.java:1596)
at org.testng.TestRunner.privateRun(TestRunner.java:741)
at org.testng.TestRunner.run(TestRunner.java:616)
at org.testng.SuiteRunner.runTest(SuiteRunner.java:421)
at org.testng.SuiteRunner.runSequentially(SuiteRunner.java:413)
at org.testng.SuiteRunner.privateRun(SuiteRunner.java:373)
at org.testng.SuiteRunner.run(SuiteRunner.java:312)
at org.testng.SuiteRunnerWorker.runSuite(SuiteRunnerWorker.java:52)
at org.testng.SuiteRunnerWorker.run(SuiteRunnerWorker.java:95)
at org.testng.TestNG.runSuitesSequentially(TestNG.java:1274)
at org.testng.TestNG.runSuitesLocally(TestNG.java:1208)
at org.testng.TestNG.runSuites(TestNG.java:1112)
at org.testng.TestNG.run(TestNG.java:1079)
at org.testng.remote.AbstractRemoteTestNG.run(AbstractRemoteTestNG.java:115)
at org.testng.remote.RemoteTestNG.initAndRun(RemoteTestNG.java:293)
at org.testng.remote.RemoteTestNG.main(RemoteTestNG.java:91)
]]>
            </full-stacktrace>
          </exception> <!-- java.lang.AssertionError -->
          <reporter-output>
          </reporter-output>
        </test-method> <!-- logoAndLoginValidation -->
        <test-method is-config="true" signature="quitBrowser()[pri:0, instance:com.neotech.lesson02.SoftAssertDemo@4d1c00d0]" started-at="2026-01-26T22:26:38 EST" name="quitBrowser" finished-at="2026-01-26T22:26:39 EST" duration-ms="117" status="PASS">
          <reporter-output>
          </reporter-output>
        </test-method> <!-- quitBrowser -->
      </class> <!-- com.neotech.lesson02.SoftAssertDemo -->
      <class name="com.neotech.lesson02.AssertDemo">
        <test-method is-config="true" signature="openAndNavigate()[pri:0, instance:com.neotech.lesson02.AssertDemo@4b2bac3f]" started-at="2026-01-26T22:26:39 EST" name="openAndNavigate" finished-at="2026-01-26T22:26:40 EST" duration-ms="1316" status="PASS">
          <reporter-output>
          </reporter-output>
        </test-method> <!-- openAndNavigate -->
        <test-method signature="logoValidation()[pri:0, instance:com.neotech.lesson02.AssertDemo@4b2bac3f]" started-at="2026-01-26T22:26:40 EST" name="logoValidation" finished-at="2026-01-26T22:26:40 EST" duration-ms="21" status="FAIL">
          <exception class="java.lang.AssertionError">
            <message>
              <![CDATA[Logo is NOT displayed expected [true] but found [false]]]>
            </message>
            <full-stacktrace>
              <![CDATA[java.lang.AssertionError: Logo is NOT displayed expected [true] but found [false]
at org.testng.Assert.fail(Assert.java:111)
at org.testng.Assert.failNotEquals(Assert.java:1590)
at org.testng.Assert.assertTrue(Assert.java:57)
at com.neotech.lesson02.AssertDemo.logoValidation(AssertDemo.java:70)
at java.base/jdk.internal.reflect.DirectMethodHandleAccessor.invoke(DirectMethodHandleAccessor.java:103)
at java.base/java.lang.reflect.Method.invoke(Method.java:580)
at org.testng.internal.invokers.MethodInvocationHelper.invokeMethod(MethodInvocationHelper.java:141)
at org.testng.internal.invokers.TestInvoker.invokeMethod(TestInvoker.java:687)
at org.testng.internal.invokers.TestInvoker.invokeTestMethod(TestInvoker.java:230)
at org.testng.internal.invokers.MethodRunner.runInSequence(MethodRunner.java:63)
at org.testng.internal.invokers.TestInvoker$MethodInvocationAgent.invoke(TestInvoker.java:995)
at org.testng.internal.invokers.TestInvoker.invokeTestMethods(TestInvoker.java:203)
at org.testng.internal.invokers.TestMethodWorker.invokeTestMethods(TestMethodWorker.java:154)
at org.testng.internal.invokers.TestMethodWorker.run(TestMethodWorker.java:134)
at java.base/java.util.ArrayList.forEach(ArrayList.java:1596)
at org.testng.TestRunner.privateRun(TestRunner.java:741)
at org.testng.TestRunner.run(TestRunner.java:616)
at org.testng.SuiteRunner.runTest(SuiteRunner.java:421)
at org.testng.SuiteRunner.runSequentially(SuiteRunner.java:413)
at org.testng.SuiteRunner.privateRun(SuiteRunner.java:373)
at org.testng.SuiteRunner.run(SuiteRunner.java:312)
at org.testng.SuiteRunnerWorker.runSuite(SuiteRunnerWorker.java:52)
at org.testng.SuiteRunnerWorker.run(SuiteRunnerWorker.java:95)
at org.testng.TestNG.runSuitesSequentially(TestNG.java:1274)
at org.testng.TestNG.runSuitesLocally(TestNG.java:1208)
at org.testng.TestNG.runSuites(TestNG.java:1112)
at org.testng.TestNG.run(TestNG.java:1079)
at org.testng.remote.AbstractRemoteTestNG.run(AbstractRemoteTestNG.java:115)
at org.testng.remote.RemoteTestNG.initAndRun(RemoteTestNG.java:293)
at org.testng.remote.RemoteTestNG.main(RemoteTestNG.java:91)
]]>
            </full-stacktrace>
          </exception> <!-- java.lang.AssertionError -->
          <reporter-output>
          </reporter-output>
        </test-method> <!-- logoValidation -->
        <test-method is-config="true" signature="quitBrowser()[pri:0, instance:com.neotech.lesson02.AssertDemo@4b2bac3f]" started-at="2026-01-26T22:26:40 EST" name="quitBrowser" finished-at="2026-01-26T22:26:40 EST" duration-ms="91" status="PASS">
          <reporter-output>
          </reporter-output>
        </test-method> <!-- quitBrowser -->
        <test-method is-config="true" signature="openAndNavigate()[pri:0, instance:com.neotech.lesson02.AssertDemo@4b2bac3f]" started-at="2026-01-26T22:26:40 EST" name="openAndNavigate" finished-at="2026-01-26T22:26:41 EST" duration-ms="1394" status="PASS">
          <reporter-output>
          </reporter-output>
        </test-method> <!-- openAndNavigate -->
        <test-method signature="titleValidation()[pri:0, instance:com.neotech.lesson02.AssertDemo@4b2bac3f]" started-at="2026-01-26T22:26:41 EST" name="titleValidation" finished-at="2026-01-26T22:26:41 EST" duration-ms="7" status="PASS">
          <reporter-output>
          </reporter-output>
        </test-method> <!-- titleValidation -->
        <test-method is-config="true" signature="quitBrowser()[pri:0, instance:com.neotech.lesson02.AssertDemo@4b2bac3f]" started-at="2026-01-26T22:26:41 EST" name="quitBrowser" finished-at="2026-01-26T22:26:42 EST" duration-ms="99" status="PASS">
          <reporter-output>
          </reporter-output>
        </test-method> <!-- quitBrowser -->
      </class> <!-- com.neotech.lesson02.AssertDemo -->
    </test> <!-- Test -->
  </suite> <!-- MySuite -->
</testng-results>
