<?xml version="1.0" encoding="UTF-8"?>
<!-- Generated by org.testng.reporters.JUnitReportReporter -->
<testsuite hostname="M0ngO" failures="0" tests="3" name="com.neotech.lesson03.DataProviderDemo" time="5.700" errors="0" timestamp="2026-01-28T18:47:18 EST" skipped="0">
  <testcase classname="com.neotech.lesson03.DataProviderDemo" name="loginFunctionality" time="1.645"/>
  <testcase classname="com.neotech.lesson03.DataProviderDemo" name="loginFunctionality" time="2.422"/>
  <testcase classname="com.neotech.lesson03.DataProviderDemo" name="loginFunctionality" time="1.633"/>
</testsuite> <!-- com.neotech.lesson03.DataProviderDemo -->
