<?xml version="1.0" encoding="UTF-8"?>
<!-- Generated by org.testng.reporters.JUnitReportReporter -->
<testsuite hostname="M0ngO" failures="0" tests="4" name="com.neotech.lesson02.EnableAndDisable" time="0.009" errors="0" timestamp="2026-01-26T22:26:42 EST" skipped="1">
  <testcase classname="com.neotech.lesson02.EnableAndDisable" name="firstMethod" time="0.007"/>
  <testcase classname="com.neotech.lesson02.EnableAndDisable" name="secondMethod" time="0.001"/>
  <testcase classname="com.neotech.lesson02.EnableAndDisable" name="fourthMethod" time="0.001"/>
  <testcase classname="com.neotech.lesson02.EnableAndDisable" name="thirdMethod">
    <skipped/>
  </testcase> <!-- thirdMethod -->
</testsuite> <!-- com.neotech.lesson02.EnableAndDisable -->
