<?xml version="1.0" encoding="UTF-8"?>
<!-- Generated by org.testng.reporters.JUnitReportReporter -->
<testsuite hostname="M0ngO" failures="0" tests="5" name="com.neotech.lesson03.Homework1" time="0.010" errors="0" timestamp="2026-01-27T12:38:59 EST" skipped="1">
  <testcase classname="com.neotech.lesson03.Homework1" name="fourthMethod" time="0.007"/>
  <testcase classname="com.neotech.lesson03.Homework1" name="thirdMethod" time="0.002"/>
  <testcase classname="com.neotech.lesson03.Homework1" name="secondMethod" time="0.001"/>
  <testcase classname="com.neotech.lesson03.Homework1" name="firstMethod" time="0.000"/>
  <testcase classname="com.neotech.lesson03.Homework1" name="firstMethod1">
    <skipped/>
  </testcase> <!-- firstMethod1 -->
</testsuite> <!-- com.neotech.lesson03.Homework1 -->
