<?xml version="1.0" encoding="UTF-8"?>
<!-- Generated by org.testng.reporters.JUnitReportReporter -->
<testsuite hostname="M0ngO" failures="0" tests="3" name="com.neotech.lesson01.TestNGAnnotations" time="0.017" errors="0" timestamp="2026-01-21T23:01:41 EST" skipped="0">
  <testcase classname="com.neotech.lesson01.TestNGAnnotations" name="test3" time="0.007"/>
  <testcase classname="com.neotech.lesson01.TestNGAnnotations" name="test2" time="0.002"/>
  <testcase classname="com.neotech.lesson01.TestNGAnnotations" name="Test1" time="0.008"/>
</testsuite> <!-- com.neotech.lesson01.TestNGAnnotations -->
