<?xml version="1.0" encoding="UTF-8"?>
<!-- Generated by org.testng.reporters.JUnitReportReporter -->
<testsuite hostname="M0ngO" failures="0" tests="2" name="com.neotech.lesson01.TestNGMoreAnnotations" time="0.008" errors="0" timestamp="2026-01-22T00:25:59 EST" skipped="0">
  <testcase classname="com.neotech.lesson01.TestNGMoreAnnotations" name="testOne" time="0.006"/>
  <testcase classname="com.neotech.lesson01.TestNGMoreAnnotations" name="testTwo" time="0.002"/>
</testsuite> <!-- com.neotech.lesson01.TestNGMoreAnnotations -->
