<?xml version="1.0" encoding="UTF-8"?>
<!-- Generated by org.testng.reporters.JUnitReportReporter -->
<testsuite hostname="M0ngO" failures="0" tests="3" name="com.neotech.review01.TestParameters" time="0.003" errors="0" timestamp="2026-02-02T20:14:19 EST" skipped="1">
  <testcase classname="com.neotech.review01.TestParameters" name="methodC" time="0.002"/>
  <testcase classname="com.neotech.review01.TestParameters" name="methodA" time="0.001"/>
  <testcase classname="com.neotech.review01.TestParameters" name="methodB">
    <skipped/>
  </testcase> <!-- methodB -->
</testsuite> <!-- com.neotech.review01.TestParameters -->
