<?xml version="1.0" encoding="UTF-8"?>
<!-- Generated by org.testng.reporters.JUnitReportReporter -->
<testsuite hostname="M0ngO" failures="0" tests="4" name="com.neotech.lesson02.PriorityDemo" time="0.004" errors="0" timestamp="2026-01-26T22:26:42 EST" skipped="0">
  <testcase classname="com.neotech.lesson02.PriorityDemo" name="thirdMethod" time="0.001"/>
  <testcase classname="com.neotech.lesson02.PriorityDemo" name="firstMethod" time="0.001"/>
  <testcase classname="com.neotech.lesson02.PriorityDemo" name="secondMethod" time="0.001"/>
  <testcase classname="com.neotech.lesson02.PriorityDemo" name="fourthMethod" time="0.001"/>
</testsuite> <!-- com.neotech.lesson02.PriorityDemo -->
