<?xml version="1.0" encoding="UTF-8"?>
<!-- Generated by org.testng.reporters.JUnitReportReporter -->
<testsuite hostname="M0ngO" failures="0" tests="3" name="com.neotech.lesson01.TitleAndLogoValidation" time="7.023" errors="0" timestamp="2026-01-22T00:52:51 EST" skipped="0">
  <testcase classname="com.neotech.lesson01.TitleAndLogoValidation" name="logoValidation" time="1.749"/>
  <testcase classname="com.neotech.lesson01.TitleAndLogoValidation" name="titleValidation" time="1.402"/>
  <testcase classname="com.neotech.lesson01.TitleAndLogoValidation" name="loginValidation" time="3.872"/>
</testsuite> <!-- com.neotech.lesson01.TitleAndLogoValidation -->
