<?xml version="1.0" encoding="UTF-8"?>
<!-- Generated by org.testng.reporters.JUnitReportReporter -->
<testsuite hostname="M0ngO" failures="0" tests="4" name="com.neotech.review01.DataDrivenTest" time="0.016" errors="0" timestamp="2026-02-02T21:31:25 EST" skipped="0">
  <testcase classname="com.neotech.review01.DataDrivenTest" name="loginTest" time="0.010"/>
  <testcase classname="com.neotech.review01.DataDrivenTest" name="loginTest" time="0.001"/>
  <testcase classname="com.neotech.review01.DataDrivenTest" name="loginTest" time="0.004"/>
  <testcase classname="com.neotech.review01.DataDrivenTest" name="loginTest" time="0.001"/>
</testsuite> <!-- com.neotech.review01.DataDrivenTest -->
